<?xml version="1.0" encoding="UTF-8"?>
<Site BuildName="(empty)"
	BuildStamp="20231117-2311-Experimental"
	Name="(empty)"
	Generator="ctest-3.24.202208181-MSVC_2"
	CompilerName=""
	CompilerVersion=""
	OSName="Windows"
	Hostname="DESKTOP-8DDCM78"
	OSRelease=" Personal"
	OSVersion=" (Build 22631)"
	OSPlatform="AMD64"
	Is64Bits="1"
	VendorString="GenuineIntel"
	VendorID="Intel Corporation"
	FamilyID="6"
	ModelID="14"
	ProcessorCacheSize="-1"
	NumberOfLogicalCPU="8"
	NumberOfPhysicalCPU="8"
	TotalVirtualMemory="46457"
	TotalPhysicalMemory="32706"
	LogicalProcessorsPerPhysical="1"
	ProcessorClockFrequency="3600"
	>
	<Testing>
		<StartDateTime>Nov 17 17:11 Central Standard Time</StartDateTime>
		<StartTestTime>1700262683</StartTestTime>
		<TestList/>
		<EndDateTime>Nov 17 17:11 Central Standard Time</EndDateTime>
		<EndTestTime>1700262683</EndTestTime>
		<ElapsedMinutes>0</ElapsedMinutes>
	</Testing>
</Site>
